<?xml version="1.0" encoding="UTF-8"?>
<!-- Generated by org.testng.reporters.JUnitReportReporter -->
<testsuite hostname="LAPTOP-B2S1L0D3" failures="0" tests="1" name="com.j2a.testcases.BankManagerLoginTest" time="4.342" errors="0" timestamp="19 May 2019 02:24:53 GMT" skipped="0">
  <testcase classname="com.j2a.testcases.BankManagerLoginTest" name="bankManagerLoginTest" time="4.342"/>
</testsuite> <!-- com.j2a.testcases.BankManagerLoginTest -->
