<?xml version="1.0" encoding="UTF-8"?>
<!-- Generated by org.testng.reporters.JUnitReportReporter -->
<testsuite hostname="LAPTOP-B2S1L0D3" failures="0" tests="4" name="com.j2a.testcases.AddCustomerTest" time="14.176" errors="0" timestamp="19 May 2019 02:24:53 GMT" skipped="1">
  <testcase classname="com.j2a.testcases.AddCustomerTest" name="addCustomerTest" time="4.969"/>
  <testcase classname="com.j2a.testcases.AddCustomerTest" name="addCustomerTest" time="4.658"/>
  <testcase classname="com.j2a.testcases.AddCustomerTest" name="addCustomerTest" time="0.002">
    <skipped/>
  </testcase> <!-- addCustomerTest -->
  <testcase classname="com.j2a.testcases.AddCustomerTest" name="addCustomerTest" time="4.547"/>
</testsuite> <!-- com.j2a.testcases.AddCustomerTest -->
