<?xml version="1.0" encoding="UTF-8"?>
<!-- Generated by org.testng.reporters.JUnitReportReporter -->
<testsuite hostname="DESKTOP-JEL4SEP" failures="0" tests="1" name="com.j2a.testcases.LoginTest" time="0.447" errors="0" timestamp="09 Jan 2019 06:55:35 GMT" skipped="0">
  <testcase classname="com.j2a.testcases.LoginTest" name="loginAsBankManager" time="0.447"/>
</testsuite> <!-- com.j2a.testcases.LoginTest -->
